<?xml version="1.0" encoding="UTF-8"?>
<testsuite xmlns:xsi="http://www.w3.org/2001/XMLSchema-instance" xsi:noNamespaceSchemaLocation="https://maven.apache.org/surefire/maven-surefire-plugin/xsd/surefire-test-report.xsd" name="com.rabo.api.RaboBankCustomerStatementIntegrationTest" time="3.932" tests="5" errors="0" skipped="0" failures="0">
  <properties>
[...]
</properties>
  <testcase name="verifySuccessfull" classname="com.rabo.api.RaboBankCustomerStatementIntegrationTest" time="0.964"/>
  <testcase name="incorrectBalance" classname="com.rabo.api.RaboBankCustomerStatementIntegrationTest" time="0.039"/>
  <testcase name="badRequest" classname="com.rabo.api.RaboBankCustomerStatementIntegrationTest" time="0.023"/>
  <testcase name="duplicateReferenceNumber" classname="com.rabo.api.RaboBankCustomerStatementIntegrationTest" time="0.023"/>
  <testcase name="duplicateNumIncorrectBalance" classname="com.rabo.api.RaboBankCustomerStatementIntegrationTest" time="0.026"/>
</testsuite>